<?xml version="1.0" encoding="UTF-8"?>
<testsuite xmlns:xsi="http://www.w3.org/2001/XMLSchema-instance" xsi:noNamespaceSchemaLocation="https://maven.apache.org/surefire/maven-surefire-plugin/xsd/surefire-test-report.xsd" version="3.0.2" name="com.cognizant.loan.LoanApplicationTests" time="3.341" tests="1" errors="0" skipped="0" failures="0" flakes="0">
  <properties>
[...]
</properties>
  <testcase name="contextLoads" classname="com.cognizant.loan.LoanApplicationTests" time="0.655">
    <system-out><![CDATA[22:23:43.789 [main] INFO org.springframework.test.context.support.AnnotationConfigContextLoaderUtils -- Could not detect default configuration classes for test class [com.cognizant.loan.LoanApplicationTests]: LoanApplicationTests does not declare any static, non-private, non-final, nested classes annotated with @Configuration.
22:23:44.033 [main] INFO org.springframework.boot.test.context.SpringBootTestContextBootstrapper -- Found @SpringBootConfiguration com.cognizant.loan.LoanApplication for test class com.cognizant.loan.LoanApplicationTests
22:23:44.184 [main] INFO org.springframework.test.context.support.AnnotationConfigContextLoaderUtils -- Could not detect default configuration classes for test class [com.cognizant.loan.LoanApplicationTests]: LoanApplicationTests does not declare any static, non-private, non-final, nested classes annotated with @Configuration.
22:23:44.186 [main] INFO org.springframework.boot.test.context.SpringBootTestContextBootstrapper -- Found @SpringBootConfiguration com.cognizant.loan.LoanApplication for test class com.cognizant.loan.LoanApplicationTests
22:23:44.287 [main] INFO org.springframework.boot.devtools.restart.RestartApplicationListener -- Restart disabled due to context in which it is running

  .   ____          _            __ _ _
 /\\ / ___'_ __ _ _(_)_ __  __ _ \ \ \ \
( ( )\___ | '_ | '_| | '_ \/ _` | \ \ \ \
 \\/  ___)| |_)| | | | | || (_| |  ) ) ) )
  '  |____| .__|_| |_|_| |_\__, | / / / /
 =========|_|==============|___/=/_/_/_/

 :: Spring Boot ::                (v4.0.7)

2026-07-13T22:23:44.700+05:30  INFO 9656 --- [loan] [           main] c.cognizant.loan.LoanApplicationTests    : Starting LoanApplicationTests using Java 24.0.1 with PID 9656 (started by Mrudula in C:\Users\Mrudula\Documents\Cognizant\Module8\loan\loan)
2026-07-13T22:23:44.704+05:30  INFO 9656 --- [loan] [           main] c.cognizant.loan.LoanApplicationTests    : No active profile set, falling back to 1 default profile: "default"
2026-07-13T22:23:46.121+05:30  INFO 9656 --- [loan] [           main] c.cognizant.loan.LoanApplicationTests    : Started LoanApplicationTests in 1.848 seconds (process running for 3.418)
]]></system-out>
    <system-err><![CDATA[Mockito is currently self-attaching to enable the inline-mock-maker. This will no longer work in future releases of the JDK. Please add Mockito as an agent to your build as described in Mockito's documentation: https://javadoc.io/doc/org.mockito/mockito-core/latest/org.mockito/org/mockito/Mockito.html#0.3
WARNING: A Java agent has been loaded dynamically (C:\Users\Mrudula\.m2\repository\net\bytebuddy\byte-buddy-agent\1.17.8\byte-buddy-agent-1.17.8.jar)
WARNING: If a serviceability tool is in use, please run with -XX:+EnableDynamicAgentLoading to hide this warning
WARNING: If a serviceability tool is not in use, please run with -Djdk.instrument.traceUsage for more information
WARNING: Dynamic loading of agents will be disallowed by default in a future release
]]></system-err>
  </testcase>
</testsuite>